0 info it worked if it ends with ok
1 verbose cli [ '/usr/local/bin/node', '/usr/local/bin/npm', 'publish' ]
2 info using npm@3.9.3
3 info using node@v6.2.1
4 verbose publish [ '.' ]
5 silly cache add args [ '.', null ]
6 verbose cache add spec .
7 silly cache add parsed spec Result {
7 silly cache add   raw: '.',
7 silly cache add   scope: null,
7 silly cache add   name: null,
7 silly cache add   rawSpec: '.',
7 silly cache add   spec: '/Users/russianreboucas/workspace/github.com/hodie',
7 silly cache add   type: 'directory' }
8 verbose addLocalDirectory /Users/russianreboucas/.npm/hodie/0.0.1/package.tgz not in flight; packing
9 verbose correctMkdir /Users/russianreboucas/.npm correctMkdir not in flight; initializing
10 info lifecycle hodie@0.0.1~prepublish: hodie@0.0.1
11 silly lifecycle hodie@0.0.1~prepublish: no script for prepublish, continuing
12 verbose tar pack [ '/Users/russianreboucas/.npm/hodie/0.0.1/package.tgz',
12 verbose tar pack   '/Users/russianreboucas/workspace/github.com/hodie' ]
13 verbose tarball /Users/russianreboucas/.npm/hodie/0.0.1/package.tgz
14 verbose folder /Users/russianreboucas/workspace/github.com/hodie
15 verbose addLocalTarball adding from inside cache /Users/russianreboucas/.npm/hodie/0.0.1/package.tgz
16 verbose correctMkdir /Users/russianreboucas/.npm correctMkdir not in flight; initializing
17 silly cache afterAdd hodie@0.0.1
18 verbose afterAdd /Users/russianreboucas/.npm/hodie/0.0.1/package/package.json not in flight; writing
19 verbose correctMkdir /Users/russianreboucas/.npm correctMkdir not in flight; initializing
20 verbose afterAdd /Users/russianreboucas/.npm/hodie/0.0.1/package/package.json written
21 silly publish { name: 'hodie',
21 silly publish   version: '0.0.1',
21 silly publish   description: '📅 A Poliglot Calendar',
21 silly publish   main: 'index.js',
21 silly publish   scripts: { test: 'echo "Error: no test specified" && exit 1' },
21 silly publish   repository:
21 silly publish    { type: 'git',
21 silly publish      url: 'git+https://github.com/russiann/hodie.git' },
21 silly publish   author: { name: 'Russian Rebouças' },
21 silly publish   license: 'MIT',
21 silly publish   bugs: { url: 'https://github.com/russiann/hodie/issues' },
21 silly publish   homepage: 'https://github.com/russiann/hodie#readme',
21 silly publish   readme: '# hodie',
21 silly publish   readmeFilename: 'README.md',
21 silly publish   gitHead: '324d2229a2386a02ae3eb89d778a138d8587348d',
21 silly publish   _id: 'hodie@0.0.1',
21 silly publish   _shasum: '25b9457a223806e93edc587f3d2d316774157097',
21 silly publish   _from: '.' }
22 verbose getPublishConfig undefined
23 silly mapToRegistry name hodie
24 silly mapToRegistry using default registry
25 silly mapToRegistry registry https://registry.npmjs.org/
26 silly mapToRegistry data Result {
26 silly mapToRegistry   raw: 'hodie',
26 silly mapToRegistry   scope: null,
26 silly mapToRegistry   name: 'hodie',
26 silly mapToRegistry   rawSpec: '',
26 silly mapToRegistry   spec: 'latest',
26 silly mapToRegistry   type: 'tag' }
27 silly mapToRegistry uri https://registry.npmjs.org/hodie
28 verbose publish registryBase https://registry.npmjs.org/
29 silly publish uploading /Users/russianreboucas/.npm/hodie/0.0.1/package.tgz
30 verbose request uri https://registry.npmjs.org/hodie
31 verbose request sending authorization for write operation
32 info attempt registry request try #1 at 1:52:38 AM
33 verbose request using bearer token for auth
34 verbose request id 339e45b5172ffe7b
35 http request PUT https://registry.npmjs.org/hodie
36 http 403 https://registry.npmjs.org/hodie
37 verbose headers { 'content-type': 'application/json',
37 verbose headers   'cache-control': 'max-age=300',
37 verbose headers   'content-length': '95',
37 verbose headers   'accept-ranges': 'bytes',
37 verbose headers   date: 'Sun, 01 Jan 2017 04:52:39 GMT',
37 verbose headers   via: '1.1 varnish',
37 verbose headers   connection: 'keep-alive',
37 verbose headers   'x-served-by': 'cache-gru7127-GRU',
37 verbose headers   'x-cache': 'MISS',
37 verbose headers   'x-cache-hits': '0',
37 verbose headers   'x-timer': 'S1483246358.950606,VS0,VE805',
37 verbose headers   vary: 'Accept-Encoding' }
38 verbose request invalidating /Users/russianreboucas/.npm/registry.npmjs.org/hodie on PUT
39 error publish Failed PUT 403
40 verbose stack Error: "You cannot publish over the previously published version 0.0.1." : hodie
40 verbose stack     at makeError (/usr/local/lib/node_modules/npm/node_modules/npm-registry-client/lib/request.js:264:12)
40 verbose stack     at CachingRegistryClient.<anonymous> (/usr/local/lib/node_modules/npm/node_modules/npm-registry-client/lib/request.js:252:14)
40 verbose stack     at Request._callback (/usr/local/lib/node_modules/npm/node_modules/npm-registry-client/lib/request.js:172:14)
40 verbose stack     at Request.self.callback (/usr/local/lib/node_modules/npm/node_modules/request/request.js:200:22)
40 verbose stack     at emitTwo (events.js:106:13)
40 verbose stack     at Request.emit (events.js:191:7)
40 verbose stack     at Request.<anonymous> (/usr/local/lib/node_modules/npm/node_modules/request/request.js:1067:10)
40 verbose stack     at emitOne (events.js:101:20)
40 verbose stack     at Request.emit (events.js:188:7)
40 verbose stack     at IncomingMessage.<anonymous> (/usr/local/lib/node_modules/npm/node_modules/request/request.js:988:12)
41 verbose statusCode 403
42 verbose pkgid hodie
43 verbose cwd /Users/russianreboucas/workspace/github.com/hodie
44 error Darwin 16.1.0
45 error argv "/usr/local/bin/node" "/usr/local/bin/npm" "publish"
46 error node v6.2.1
47 error npm  v3.9.3
48 error code E403
49 error "You cannot publish over the previously published version 0.0.1." : hodie
50 error If you need help, you may report this error at:
50 error     <https://github.com/npm/npm/issues>
51 verbose exit [ 1, true ]
